<?xml version="1.0" encoding="UTF-8"?>
<testng-results skipped="0" failed="0" ignored="0" total="1" passed="1">
  <reporter-output>
  </reporter-output>
  <suite name="HomeSuite" duration-ms="4573" started-at="2022-04-27T22:27:37 EDT" finished-at="2022-04-27T22:27:41 EDT">
    <groups>
    </groups>
    <test name="HomeTest" duration-ms="4573" started-at="2022-04-27T22:27:37 EDT" finished-at="2022-04-27T22:27:41 EDT">
      <class name="basePage.Validate_Product_Checkout_Test">
        <test-method status="PASS" signature="validate_Product_Checkout_1()[pri:0, instance:basePage.Validate_Product_Checkout_Test@7a1ebcd8]" name="validate_Product_Checkout_1" duration-ms="4551" started-at="2022-04-27T22:27:37 EDT" finished-at="2022-04-27T22:27:41 EDT">
          <reporter-output>
          </reporter-output>
        </test-method> <!-- validate_Product_Checkout_1 -->
      </class> <!-- basePage.Validate_Product_Checkout_Test -->
    </test> <!-- HomeTest -->
  </suite> <!-- HomeSuite -->
</testng-results>
